<?xml version="1.0" encoding="UTF-8"?>
<testng-results ignored="0" total="1" passed="1" failed="0" skipped="0">
  <reporter-output>
  </reporter-output>
  <suite started-at="2022-11-01T19:15:13 IST" name="Suite" finished-at="2022-11-01T19:15:19 IST" duration-ms="6306">
    <groups>
    </groups>
    <test started-at="2022-11-01T19:15:13 IST" name="Test" finished-at="2022-11-01T19:15:19 IST" duration-ms="6306">
      <class name="tests.HomeTest">
        <test-method is-config="true" signature="init()[pri:0, instance:tests.HomeTest@636be97c]" started-at="2022-11-01T19:14:52 IST" name="init" finished-at="2022-11-01T19:15:13 IST" duration-ms="20645" status="PASS">
          <reporter-output>
          </reporter-output>
        </test-method> <!-- init -->
        <test-method is-config="true" signature="objectCreation()[pri:0, instance:tests.HomeTest@636be97c]" started-at="2022-11-01T19:15:13 IST" name="objectCreation" finished-at="2022-11-01T19:15:13 IST" duration-ms="33" status="PASS">
          <reporter-output>
          </reporter-output>
        </test-method> <!-- objectCreation -->
        <test-method is-config="true" signature="precondition()[pri:0, instance:tests.HomeTest@636be97c]" started-at="2022-11-01T19:15:13 IST" name="precondition" finished-at="2022-11-01T19:15:13 IST" duration-ms="728" status="PASS">
          <reporter-output>
          </reporter-output>
        </test-method> <!-- precondition -->
        <test-method signature="logout()[pri:0, instance:tests.HomeTest@636be97c]" started-at="2022-11-01T19:15:13 IST" name="logout" finished-at="2022-11-01T19:15:19 IST" duration-ms="5506" status="PASS">
          <reporter-output>
          </reporter-output>
        </test-method> <!-- logout -->
        <test-method is-config="true" signature="tearDown()[pri:0, instance:tests.HomeTest@636be97c]" started-at="2022-11-01T19:15:19 IST" name="tearDown" finished-at="2022-11-01T19:15:19 IST" duration-ms="119" status="PASS">
          <reporter-output>
          </reporter-output>
        </test-method> <!-- tearDown -->
      </class> <!-- tests.HomeTest -->
    </test> <!-- Test -->
  </suite> <!-- Suite -->
</testng-results>
